<?xml version="1.0" encoding="UTF-8"?>
<!-- Generated by org.testng.reporters.JUnitReportReporter -->
<testsuite skipped="0" hostname="DESKTOP-K3D46M9" name="Hybridfrm.Hybridfrm.App" tests="1" failures="0" timestamp="2019-08-24T16:10:22 IST" time="4.519" errors="0">
  <testcase name="Start" time="4.519" classname="Hybridfrm.Hybridfrm.App"/>
</testsuite> <!-- Hybridfrm.Hybridfrm.App -->
